<?xml version="1.0" encoding="UTF-8" ?>
<testsuites disabled="0" errors="0" failures="0" tests="7" time="19.186">
 <testsuite name="Teste de login do sistema Energia" timestamp="2020-12-09T15:05:21" hostname="localhost" time="19.186" errors="0" tests="7" skipped="0" disabled="0" failures="0">
  <testcase classname="Teste de login do sistema Energia" name="Usuario incorreto" time="3.706" />
  <testcase classname="Teste de login do sistema Energia" name="Senha incorreta" time="2.625" />
  <testcase classname="Teste de login do sistema Energia" name="Ambos incorretos" time="2.64" />
  <testcase classname="Teste de login do sistema Energia" name="Usuario invalido" time="2.556" />
  <testcase classname="Teste de login do sistema Energia" name="Senha invalida" time="2.584" />
  <testcase classname="Teste de login do sistema Energia" name="Ambos Invalidos" time="2.525" />
  <testcase classname="Teste de login do sistema Energia" name="Login correto" time="2.549" />
 </testsuite>
</testsuites>